c:\users\baptiste\desktop\roro\maze-master\x64\debug\vc140.pdb
c:\users\baptiste\desktop\roro\maze-master\x64\debug\mazeview.obj
c:\users\baptiste\desktop\roro\maze-master\x64\debug\mazesolverview.obj
c:\users\baptiste\desktop\roro\maze-master\x64\debug\mazesolver.obj
c:\users\baptiste\desktop\roro\maze-master\x64\debug\mazescene.obj
c:\users\baptiste\desktop\roro\maze-master\x64\debug\mazegenerator.obj
c:\users\baptiste\desktop\roro\maze-master\x64\debug\mazecontroller.obj
c:\users\baptiste\desktop\roro\maze-master\x64\debug\maze.obj
c:\users\baptiste\desktop\roro\maze-master\x64\debug\mainwindow.obj
c:\users\baptiste\desktop\roro\maze-master\x64\debug\main.obj
c:\users\baptiste\desktop\roro\maze-master\x64\debug\evaluationtablemodel.obj
c:\users\baptiste\desktop\roro\maze-master\x64\debug\evaluationdialog.obj
c:\users\baptiste\desktop\roro\maze-master\x64\debug\evaluation.obj
c:\users\baptiste\desktop\roro\maze-master\x64\debug\doorview.obj
c:\users\baptiste\desktop\roro\maze-master\x64\debug\algorithm.obj
c:\users\baptiste\desktop\roro\maze-master\x64\debug\moc_solvemazedialog.obj
c:\users\baptiste\desktop\roro\maze-master\x64\debug\moc_newmazedialog.obj
c:\users\baptiste\desktop\roro\maze-master\x64\debug\moc_mazecontroller.obj
c:\users\baptiste\desktop\roro\maze-master\x64\debug\moc_mainwindow.obj
c:\users\baptiste\desktop\roro\maze-master\x64\debug\moc_evaluationdialog.obj
c:\users\baptiste\desktop\roro\maze-master\x64\debug\moc_evaluation.obj
c:\users\baptiste\desktop\roro\maze-master\x64\debug\solvemazedialog.obj
c:\users\baptiste\desktop\roro\maze-master\x64\debug\roomview.obj
c:\users\baptiste\desktop\roro\maze-master\x64\debug\random.obj
c:\users\baptiste\desktop\roro\maze-master\x64\debug\newmazedialog.obj
c:\users\baptiste\desktop\roro\maze-master\debug\moc_evaluation.cpp
c:\users\baptiste\desktop\roro\maze-master\debug\moc_evaluationdialog.cpp
c:\users\baptiste\desktop\roro\maze-master\debug\moc_mainwindow.cpp
c:\users\baptiste\desktop\roro\maze-master\debug\moc_mazecontroller.cpp
c:\users\baptiste\desktop\roro\maze-master\debug\moc_newmazedialog.cpp
c:\users\baptiste\desktop\roro\maze-master\debug\moc_solvemazedialog.cpp
c:\users\baptiste\desktop\roro\maze-master\generatedfiles\ui_evaluationdialog.h
c:\users\baptiste\desktop\roro\maze-master\generatedfiles\ui_mainwindow.h
c:\users\baptiste\desktop\roro\maze-master\generatedfiles\ui_newmazedialog.h
c:\users\baptiste\desktop\roro\maze-master\generatedfiles\ui_solvemazedialog.h
c:\users\baptiste\desktop\roro\maze-master\debug\moc_predefs.h
c:\users\baptiste\desktop\roro\maze-master\debug\maze.ilk
c:\users\baptiste\desktop\roro\maze-master\debug\maze.exe
c:\users\baptiste\desktop\roro\maze-master\debug\maze.pdb
c:\users\baptiste\desktop\roro\maze-master\x64\debug\maze.tlog\cl.command.1.tlog
c:\users\baptiste\desktop\roro\maze-master\x64\debug\maze.tlog\cl.read.1.tlog
c:\users\baptiste\desktop\roro\maze-master\x64\debug\maze.tlog\cl.write.1.tlog
c:\users\baptiste\desktop\roro\maze-master\x64\debug\maze.tlog\custombuild.command.1.tlog
c:\users\baptiste\desktop\roro\maze-master\x64\debug\maze.tlog\custombuild.read.1.tlog
c:\users\baptiste\desktop\roro\maze-master\x64\debug\maze.tlog\custombuild.write.1.tlog
c:\users\baptiste\desktop\roro\maze-master\x64\debug\maze.tlog\link.command.1.tlog
c:\users\baptiste\desktop\roro\maze-master\x64\debug\maze.tlog\link.read.1.tlog
c:\users\baptiste\desktop\roro\maze-master\x64\debug\maze.tlog\link.write.1.tlog
